2023-03-14 13:27:23,943 [INFO] Loading xlsx data from file...
2023-03-14 13:29:43,598 [INFO] Dropping unwanted columns & filling the blanks...
2023-03-14 13:29:44,655 [INFO] Connecting to database...
2023-03-14 13:29:44,693 [INFO] Creating schema...
2023-03-14 13:29:44,712 [INFO] Dropping the table if exists...
2023-03-14 13:29:44,733 [INFO] Creating table...
2023-03-14 13:29:44,774 [INFO] Loading table into db...
2023-03-14 13:31:30,897 [INFO] Updating the table...
2023-03-14 13:31:41,485 [INFO] Dropping unwanted columns...
2023-03-14 13:31:41,530 [INFO] Testing if data has been loaded successfully...
2023-03-14 13:31:41,559 [INFO] Data load successful.
2023-03-14 13:31:41,560 [INFO] Committing changes to database...
2023-03-14 13:31:41,561 [INFO] Testing if data has been loaded successfully...
2023-03-14 13:31:41,574 [INFO] Data load successful.
2023-03-14 13:31:41,658 [INFO] Loading xlsx data from file...
2023-03-14 13:31:44,087 [INFO] Converting 'year' column to date format...
2023-03-14 13:31:44,089 [INFO] Connecting to database...
2023-03-14 13:31:44,127 [INFO] Creating schema...
2023-03-14 13:31:44,145 [INFO] Dropping the table if exists...
2023-03-14 13:31:44,160 [INFO] Creating table...
2023-03-14 13:31:44,198 [INFO] Loading table into db...
2023-03-14 13:31:45,774 [INFO] Committing changes to database...
2023-03-14 13:31:45,810 [INFO] Testing if data has been loaded successfully...
2023-03-14 13:31:45,821 [INFO] Data load successful.
2023-03-14 13:31:45,828 [INFO] Loading xlsx data from file...
2023-03-14 13:31:52,553 [INFO] Converting 'year' column to date format...
2023-03-14 13:31:52,556 [INFO] Connecting to database...
2023-03-14 13:31:52,604 [INFO] Creating schema...
2023-03-14 13:31:52,619 [INFO] Dropping the table if exists...
2023-03-14 13:31:52,635 [INFO] Creating table...
2023-03-14 13:31:52,664 [INFO] Loading table into db...
2023-03-14 13:31:57,130 [INFO] Committing changes to database...
2023-03-14 13:31:57,169 [INFO] Testing if data has been loaded successfully...
2023-03-14 13:31:57,180 [INFO] Data load successful.
2023-03-14 13:31:57,189 [INFO] Loading xlsx data from file...
2023-03-14 13:31:58,725 [INFO] Converting 'year' column to date format...
2023-03-14 13:31:58,727 [INFO] Connecting to database...
2023-03-14 13:31:58,776 [INFO] Creating schema...
2023-03-14 13:31:58,791 [INFO] Dropping the table if exists...
2023-03-14 13:31:58,806 [INFO] Creating table...
2023-03-14 13:31:58,839 [INFO] Loading table into db...
2023-03-14 13:31:59,890 [INFO] Committing changes to database...
2023-03-14 13:31:59,923 [INFO] Testing if data has been loaded successfully...
2023-03-14 13:31:59,935 [INFO] Data load successful.
2023-03-14 13:31:59,942 [INFO] Loading data from PDF file: data/GTI-2022-web.pdf
2023-03-14 13:32:00,699 [INFO] Connecting to database...
2023-03-14 13:32:00,736 [INFO] Creating schema...
2023-03-14 13:32:00,753 [INFO] Dropping the table if it exists...
2023-03-14 13:32:00,767 [INFO] Creating table...
2023-03-14 13:32:00,800 [INFO] Loading data into db...
2023-03-14 13:32:00,817 [INFO] Committing changes to database...
2023-03-14 13:32:00,824 [INFO] Testing if data has been loaded successfully...
2023-03-14 13:32:00,836 [INFO] Data load successful.
2023-03-14 13:32:00,842 [INFO] Loading data from World Bank API...
2023-03-14 13:32:29,732 [INFO] Connecting to database...
2023-03-14 13:32:29,796 [INFO] Dropping the table if it exists...
2023-03-14 13:32:29,812 [INFO] Creating table...
2023-03-14 13:32:29,845 [INFO] Loading data into db...
2023-03-14 13:32:33,784 [INFO] Committing changes to database...
2023-03-14 13:32:33,804 [INFO] Testing if data has been loaded successfully...
2023-03-14 13:32:33,816 [INFO] Data load successful.
2023-03-14 13:32:33,869 [INFO] Loading data from Knoema API: UNODCIBTHS2019
2023-03-14 13:32:36,023 [INFO] Connecting to database...
2023-03-14 13:32:36,074 [INFO] Creating schema...
2023-03-14 13:32:36,090 [INFO] Dropping the table if it exists...
2023-03-14 13:32:36,104 [INFO] Creating table...
2023-03-14 13:32:36,131 [INFO] Loading data into db...
2023-03-14 13:32:36,467 [INFO] Committing changes to database...
2023-03-14 13:32:36,477 [INFO] Testing if data has been loaded successfully...
2023-03-14 13:32:36,488 [INFO] Data load successful.
2023-03-14 13:32:36,494 [INFO] Loading data from Knoema API: WLDHFI2022
2023-03-14 13:33:16,740 [INFO] Connecting to database...
2023-03-14 13:33:16,780 [INFO] Creating schema...
2023-03-14 13:33:16,799 [INFO] Dropping the table if it exists...
2023-03-14 13:33:16,814 [INFO] Creating table...
2023-03-14 13:33:16,846 [INFO] Loading data into db...
2023-03-14 13:33:28,071 [INFO] Committing changes to database...
2023-03-14 13:33:28,103 [INFO] Testing if data has been loaded successfully...
2023-03-14 13:33:28,115 [INFO] Data load successful.
2023-03-14 13:33:28,124 [INFO] Loading data from Knoema API: WFGCI2019
2023-03-14 13:35:59,433 [INFO] Connecting to database...
2023-03-14 13:35:59,484 [INFO] Creating schema...
2023-03-14 13:35:59,501 [INFO] Dropping the table if it exists...
2023-03-14 13:35:59,516 [INFO] Creating table...
2023-03-14 13:35:59,546 [INFO] Loading data into db...
2023-03-14 13:36:28,351 [INFO] Committing changes to database...
2023-03-14 13:36:28,371 [INFO] Testing if data has been loaded successfully...
2023-03-14 13:36:28,383 [INFO] Data load successful.
2023-03-14 13:36:28,398 [INFO] Loading data from Google Sheets: 1WVhqxCwiw9F2Z5X0nfQBztcNTT90S8kdDDIxZanMnNY
2023-03-14 13:36:28,402 [INFO] file_cache is only supported with oauth2client<4.0.0
2023-03-14 13:36:28,889 [INFO] Refreshing credentials due to a 401 response. Attempt 1/2.
2023-03-14 13:36:29,887 [INFO] Connecting to database...
2023-03-14 13:36:29,925 [INFO] Creating schema...
2023-03-14 13:36:29,942 [INFO] Dropping the table if it exists...
2023-03-14 13:36:29,963 [INFO] Creating table...
2023-03-14 13:36:29,989 [INFO] Loading data into db...
2023-03-14 13:36:30,003 [INFO] Committing changes to database...
2023-03-14 13:36:30,010 [INFO] Testing if data has been loaded successfully...
2023-03-14 13:36:30,021 [INFO] Data load successful.
2023-03-14 13:36:30,026 [INFO] Loading data from Google Sheets: 1WVhqxCwiw9F2Z5X0nfQBztcNTT90S8kdDDIxZanMnNY
2023-03-14 13:36:30,029 [INFO] file_cache is only supported with oauth2client<4.0.0
2023-03-14 13:36:30,466 [INFO] Refreshing credentials due to a 401 response. Attempt 1/2.
2023-03-14 13:36:30,977 [INFO] Connecting to database...
2023-03-14 13:36:31,036 [INFO] Creating schema...
2023-03-14 13:36:31,051 [INFO] Dropping the table if it exists...
2023-03-14 13:36:31,076 [INFO] Creating table...
2023-03-14 13:36:31,101 [INFO] Loading data into db...
2023-03-14 13:36:31,115 [INFO] Committing changes to database...
2023-03-14 13:36:31,122 [INFO] Testing if data has been loaded successfully...
2023-03-14 13:36:31,132 [INFO] Data load successful.
